<?xml version="1.0" encoding="UTF-8"?>
<!-- Generated by org.testng.reporters.JUnitReportReporter -->
<testsuite hostname="RHJ-9F-D098" failures="0" tests="1" name="packageTest.TS_01" time="106.516" errors="0" timestamp="2024-05-30T12:00:48 IST" skipped="0">
  <testcase classname="packageTest.TS_01" name="test1" time="106.516"/>
</testsuite> <!-- packageTest.TS_01 -->
