<?xml version="1.0" encoding="UTF-8"?>
<!-- Generated by org.testng.reporters.JUnitReportReporter -->
<testsuite hostname="RHJ-9F-D098" failures="0" tests="1" name="packageTest.TS_02" time="107.516" errors="0" timestamp="2024-05-30T12:00:48 IST" skipped="0">
  <testcase classname="packageTest.TS_02" name="test2" time="107.516"/>
</testsuite> <!-- packageTest.TS_02 -->
